Optimization criterion: invariant_information_clustering
Learning rate: 0.0001
Number of epochs: 5
Batch size: 512
Optimizer: Adam (
Parameter Group 0
    amsgrad: False
    betas: (0.9, 0.999)
    eps: 1e-08
    lr: 0.0001
    weight_decay: 0
)
Model: CNN(
  (conv1): Conv2d(1, 16, kernel_size=(3, 3), stride=(1, 1), padding=(1, 1))
  (conv3): Conv2d(16, 16, kernel_size=(3, 3), stride=(1, 1), padding=(1, 1))
  (pool): MaxPool2d(kernel_size=2, stride=2, padding=0, dilation=1, ceil_mode=False)
  (conv_bn1): BatchNorm2d(16, eps=2e-05, momentum=0.1, affine=True, track_running_stats=True)
  (conv_bn3): BatchNorm2d(16, eps=2e-05, momentum=0.1, affine=True, track_running_stats=True)
  (dropout): Dropout(p=0.5, inplace=False)
  (fc1): Linear(in_features=183184, out_features=1024, bias=True)
  (fc3): Linear(in_features=1024, out_features=121, bias=True)
  (fc_bn1): BatchNorm1d(1024, eps=2e-05, momentum=0.1, affine=True, track_running_stats=True)
  (relu): ReLU()
)
